----------------------------------------
drivers/staging/greybus/arche-apb-ctrl.c
----------------------------------------
Traceback (most recent call last):
  File "/home/skibiditymus27/Desktop/linux/scripts/spdxcheck.py", line 11, in <module>
    import git
ModuleNotFoundError: No module named 'git'
WARNING: DT compatible string "usbffff,2" appears un-documented -- check ./Documentation/devicetree/bindings/
#466: FILE: drivers/staging/greybus/arche-apb-ctrl.c:466:
+	{ .compatible = "usbffff,2", },

WARNING: DT compatible string vendor "usbffff" appears un-documented -- check ./Documentation/devicetree/bindings/vendor-prefixes.yaml
#466: FILE: drivers/staging/greybus/arche-apb-ctrl.c:466:
+	{ .compatible = "usbffff,2", },

total: 0 errors, 2 warnings, 0 checks, 490 lines checked

NOTE: For some of the reported defects, checkpatch may be able to
      mechanically convert to the typical style using --fix or --fix-inplace.

drivers/staging/greybus/arche-apb-ctrl.c has style problems, please review.
----------------------------------------
drivers/staging/greybus/arche-platform.c
----------------------------------------
Traceback (most recent call last):
  File "/home/skibiditymus27/Desktop/linux/scripts/spdxcheck.py", line 11, in <module>
    import git
ModuleNotFoundError: No module named 'git'
CHECK: line length of 101 exceeds 100 columns
#183: FILE: drivers/staging/greybus/arche-platform.c:183:
+									     WD_STATE_COLDBOOT_TRIG);

WARNING: DT compatible string "google,arche-platform" appears un-documented -- check ./Documentation/devicetree/bindings/
#619: FILE: drivers/staging/greybus/arche-platform.c:619:
+	{ .compatible = "google,arche-platform", },

total: 0 errors, 1 warnings, 1 checks, 660 lines checked

NOTE: For some of the reported defects, checkpatch may be able to
      mechanically convert to the typical style using --fix or --fix-inplace.

drivers/staging/greybus/arche-platform.c has style problems, please review.
-----------------------------------------
drivers/staging/greybus/audio_apbridgea.c
-----------------------------------------
Traceback (most recent call last):
  File "/home/skibiditymus27/Desktop/linux/scripts/spdxcheck.py", line 11, in <module>
    import git
ModuleNotFoundError: No module named 'git'
total: 0 errors, 0 warnings, 0 checks, 205 lines checked

drivers/staging/greybus/audio_apbridgea.c has no obvious style problems and is ready for submission.
-------------------------------------
drivers/staging/greybus/audio_codec.c
-------------------------------------
Traceback (most recent call last):
  File "/home/skibiditymus27/Desktop/linux/scripts/spdxcheck.py", line 11, in <module>
    import git
ModuleNotFoundError: No module named 'git'
WARNING: DT compatible string "toshiba,apb-dummy-codec" appears un-documented -- check ./Documentation/devicetree/bindings/
#1081: FILE: drivers/staging/greybus/audio_codec.c:1081:
+	{ .compatible = "toshiba,apb-dummy-codec", },

total: 0 errors, 1 warnings, 0 checks, 1100 lines checked

NOTE: For some of the reported defects, checkpatch may be able to
      mechanically convert to the typical style using --fix or --fix-inplace.

drivers/staging/greybus/audio_codec.c has style problems, please review.
----------------------------------
drivers/staging/greybus/audio_gb.c
----------------------------------
Traceback (most recent call last):
  File "/home/skibiditymus27/Desktop/linux/scripts/spdxcheck.py", line 11, in <module>
    import git
ModuleNotFoundError: No module named 'git'
total: 0 errors, 0 warnings, 0 checks, 225 lines checked

drivers/staging/greybus/audio_gb.c has no obvious style problems and is ready for submission.
--------------------------------------
drivers/staging/greybus/audio_helper.c
--------------------------------------
Traceback (most recent call last):
  File "/home/skibiditymus27/Desktop/linux/scripts/spdxcheck.py", line 11, in <module>
    import git
ModuleNotFoundError: No module named 'git'
CHECK: Macro argument reuse 'dir' - possible side-effects?
#11: FILE: drivers/staging/greybus/audio_helper.c:11:
+#define gbaudio_dapm_for_each_direction(dir) \
+	for ((dir) = SND_SOC_DAPM_DIR_IN; (dir) <= SND_SOC_DAPM_DIR_OUT; \
+		(dir)++)

total: 0 errors, 0 warnings, 1 checks, 180 lines checked

NOTE: For some of the reported defects, checkpatch may be able to
      mechanically convert to the typical style using --fix or --fix-inplace.

drivers/staging/greybus/audio_helper.c has style problems, please review.
---------------------------------------
drivers/staging/greybus/audio_manager.c
---------------------------------------
Traceback (most recent call last):
  File "/home/skibiditymus27/Desktop/linux/scripts/spdxcheck.py", line 11, in <module>
    import git
ModuleNotFoundError: No module named 'git'
total: 0 errors, 0 warnings, 0 checks, 187 lines checked

drivers/staging/greybus/audio_manager.c has no obvious style problems and is ready for submission.
----------------------------------------------
drivers/staging/greybus/audio_manager_module.c
----------------------------------------------
Traceback (most recent call last):
  File "/home/skibiditymus27/Desktop/linux/scripts/spdxcheck.py", line 11, in <module>
    import git
ModuleNotFoundError: No module named 'git'
WARNING: char * array declaration might be better as static const
#162: FILE: drivers/staging/greybus/audio_manager_module.c:162:
+	char *envp[] = {

total: 0 errors, 1 warnings, 0 checks, 241 lines checked

NOTE: For some of the reported defects, checkpatch may be able to
      mechanically convert to the typical style using --fix or --fix-inplace.

drivers/staging/greybus/audio_manager_module.c has style problems, please review.
---------------------------------------------
drivers/staging/greybus/audio_manager_sysfs.c
---------------------------------------------
Traceback (most recent call last):
  File "/home/skibiditymus27/Desktop/linux/scripts/spdxcheck.py", line 11, in <module>
    import git
ModuleNotFoundError: No module named 'git'
total: 0 errors, 0 warnings, 0 checks, 101 lines checked

drivers/staging/greybus/audio_manager_sysfs.c has no obvious style problems and is ready for submission.
--------------------------------------
drivers/staging/greybus/audio_module.c
--------------------------------------
Traceback (most recent call last):
  File "/home/skibiditymus27/Desktop/linux/scripts/spdxcheck.py", line 11, in <module>
    import git
ModuleNotFoundError: No module named 'git'
total: 0 errors, 0 warnings, 0 checks, 479 lines checked

drivers/staging/greybus/audio_module.c has no obvious style problems and is ready for submission.
----------------------------------------
drivers/staging/greybus/audio_topology.c
----------------------------------------
Traceback (most recent call last):
  File "/home/skibiditymus27/Desktop/linux/scripts/spdxcheck.py", line 11, in <module>
    import git
ModuleNotFoundError: No module named 'git'
total: 0 errors, 0 warnings, 0 checks, 1443 lines checked

drivers/staging/greybus/audio_topology.c has no obvious style problems and is ready for submission.
----------------------------------------
drivers/staging/greybus/authentication.c
----------------------------------------
Traceback (most recent call last):
  File "/home/skibiditymus27/Desktop/linux/scripts/spdxcheck.py", line 11, in <module>
    import git
ModuleNotFoundError: No module named 'git'
CHECK: Lines should not end with a '('
#115: FILE: drivers/staging/greybus/authentication.c:115:
+	op = gb_operation_create_flags(

CHECK: Lines should not end with a '('
#244: FILE: drivers/staging/greybus/authentication.c:244:
+		ret = cap_authenticate(

total: 0 errors, 0 warnings, 2 checks, 424 lines checked

NOTE: For some of the reported defects, checkpatch may be able to
      mechanically convert to the typical style using --fix or --fix-inplace.

drivers/staging/greybus/authentication.c has style problems, please review.
---------------------------------
drivers/staging/greybus/bootrom.c
---------------------------------
Traceback (most recent call last):
  File "/home/skibiditymus27/Desktop/linux/scripts/spdxcheck.py", line 11, in <module>
    import git
ModuleNotFoundError: No module named 'git'
total: 0 errors, 0 warnings, 0 checks, 526 lines checked

drivers/staging/greybus/bootrom.c has no obvious style problems and is ready for submission.
--------------------------------
drivers/staging/greybus/camera.c
--------------------------------
Traceback (most recent call last):
  File "/home/skibiditymus27/Desktop/linux/scripts/spdxcheck.py", line 11, in <module>
    import git
ModuleNotFoundError: No module named 'git'
CHECK: Lines should not end with a '('
#268: FILE: drivers/staging/greybus/camera.c:268:
+static const int gb_camera_configure_streams_validate_response(

CHECK: Lines should not end with a '('
#311: FILE: drivers/staging/greybus/camera.c:311:
+		ret = gb_svc_intf_set_power_mode(

CHECK: Lines should not end with a '('
#318: FILE: drivers/staging/greybus/camera.c:318:
+		ret = gb_svc_intf_set_power_mode(

CHECK: Lines should not end with a '('
#373: FILE: drivers/staging/greybus/camera.c:373:
+static int gb_camera_setup_data_connection(

CHECK: Lines should not end with a '('
#1160: FILE: drivers/staging/greybus/camera.c:1160:
+	gcam->debugfs.buffers = vmalloc(array_size(

CHECK: Lines should not end with a '('
#1357: FILE: drivers/staging/greybus/camera.c:1357:
+static const struct dev_pm_ops gb_camera_pm_ops = { SET_RUNTIME_PM_OPS(

total: 0 errors, 0 warnings, 6 checks, 1371 lines checked

NOTE: For some of the reported defects, checkpatch may be able to
      mechanically convert to the typical style using --fix or --fix-inplace.

drivers/staging/greybus/camera.c has style problems, please review.
---------------------------------
drivers/staging/greybus/fw-core.c
---------------------------------
Traceback (most recent call last):
  File "/home/skibiditymus27/Desktop/linux/scripts/spdxcheck.py", line 11, in <module>
    import git
ModuleNotFoundError: No module named 'git'
total: 0 errors, 0 warnings, 0 checks, 311 lines checked

drivers/staging/greybus/fw-core.c has no obvious style problems and is ready for submission.
-------------------------------------
drivers/staging/greybus/fw-download.c
-------------------------------------
Traceback (most recent call last):
  File "/home/skibiditymus27/Desktop/linux/scripts/spdxcheck.py", line 11, in <module>
    import git
ModuleNotFoundError: No module named 'git'
total: 0 errors, 0 warnings, 0 checks, 465 lines checked

drivers/staging/greybus/fw-download.c has no obvious style problems and is ready for submission.
---------------------------------------
drivers/staging/greybus/fw-management.c
---------------------------------------
Traceback (most recent call last):
  File "/home/skibiditymus27/Desktop/linux/scripts/spdxcheck.py", line 11, in <module>
    import git
ModuleNotFoundError: No module named 'git'
CHECK: Lines should not end with a '('
#107: FILE: drivers/staging/greybus/fw-management.c:107:
+static int fw_mgmt_interface_fw_version_operation(

CHECK: Lines should not end with a '('
#237: FILE: drivers/staging/greybus/fw-management.c:237:
+static int fw_mgmt_backend_fw_version_operation(

CHECK: Lines should not end with a '('
#443: FILE: drivers/staging/greybus/fw-management.c:443:
+		ret = fw_mgmt_load_and_validate_operation(

CHECK: Lines should not end with a '('
#468: FILE: drivers/staging/greybus/fw-management.c:468:
+		ret = fw_mgmt_backend_fw_update_operation(

CHECK: Lines should not end with a '('
#512: FILE: drivers/staging/greybus/fw-management.c:512:
+		ret = gb_interface_request_mode_switch(

total: 0 errors, 0 warnings, 5 checks, 715 lines checked

NOTE: For some of the reported defects, checkpatch may be able to
      mechanically convert to the typical style using --fix or --fix-inplace.

drivers/staging/greybus/fw-management.c has style problems, please review.
-------------------------------
drivers/staging/greybus/gbphy.c
-------------------------------
Traceback (most recent call last):
  File "/home/skibiditymus27/Desktop/linux/scripts/spdxcheck.py", line 11, in <module>
    import git
ModuleNotFoundError: No module named 'git'
total: 0 errors, 0 warnings, 0 checks, 358 lines checked

drivers/staging/greybus/gbphy.c has no obvious style problems and is ready for submission.
------------------------------
drivers/staging/greybus/gpio.c
------------------------------
Traceback (most recent call last):
  File "/home/skibiditymus27/Desktop/linux/scripts/spdxcheck.py", line 11, in <module>
    import git
ModuleNotFoundError: No module named 'git'
total: 0 errors, 0 warnings, 0 checks, 626 lines checked

drivers/staging/greybus/gpio.c has no obvious style problems and is ready for submission.
-----------------------------
drivers/staging/greybus/hid.c
-----------------------------
Traceback (most recent call last):
  File "/home/skibiditymus27/Desktop/linux/scripts/spdxcheck.py", line 11, in <module>
    import git
ModuleNotFoundError: No module named 'git'
total: 0 errors, 0 warnings, 0 checks, 520 lines checked

drivers/staging/greybus/hid.c has no obvious style problems and is ready for submission.
-----------------------------
drivers/staging/greybus/i2c.c
-----------------------------
Traceback (most recent call last):
  File "/home/skibiditymus27/Desktop/linux/scripts/spdxcheck.py", line 11, in <module>
    import git
ModuleNotFoundError: No module named 'git'
total: 0 errors, 0 warnings, 0 checks, 322 lines checked

drivers/staging/greybus/i2c.c has no obvious style problems and is ready for submission.
-------------------------------
drivers/staging/greybus/light.c
-------------------------------
Traceback (most recent call last):
  File "/home/skibiditymus27/Desktop/linux/scripts/spdxcheck.py", line 11, in <module>
    import git
ModuleNotFoundError: No module named 'git'
ERROR: code indent should use tabs where possible
#175: FILE: drivers/staging/greybus/light.c:175:
+                                                                              \$

WARNING: please, no spaces at the start of a line
#175: FILE: drivers/staging/greybus/light.c:175:
+                                                                              \$

ERROR: code indent should use tabs where possible
#178: FILE: drivers/staging/greybus/light.c:178:
+                                                                              \$

WARNING: please, no spaces at the start of a line
#178: FILE: drivers/staging/greybus/light.c:178:
+                                                                              \$

ERROR: code indent should use tabs where possible
#187: FILE: drivers/staging/greybus/light.c:187:
+                                                                              \$

WARNING: please, no spaces at the start of a line
#187: FILE: drivers/staging/greybus/light.c:187:
+                                                                              \$

ERROR: code indent should use tabs where possible
#193: FILE: drivers/staging/greybus/light.c:193:
+                                                                              \$

WARNING: please, no spaces at the start of a line
#193: FILE: drivers/staging/greybus/light.c:193:
+                                                                              \$

ERROR: code indent should use tabs where possible
#202: FILE: drivers/staging/greybus/light.c:202:
+                                                                              \$

WARNING: please, no spaces at the start of a line
#202: FILE: drivers/staging/greybus/light.c:202:
+                                                                              \$

ERROR: code indent should use tabs where possible
#206: FILE: drivers/staging/greybus/light.c:206:
+                                                                              \$

WARNING: please, no spaces at the start of a line
#206: FILE: drivers/staging/greybus/light.c:206:
+                                                                              \$

total: 6 errors, 6 warnings, 0 checks, 1344 lines checked

NOTE: For some of the reported defects, checkpatch may be able to
      mechanically convert to the typical style using --fix or --fix-inplace.

NOTE: Whitespace errors detected.
      You may wish to use scripts/cleanpatch or scripts/cleanfile

drivers/staging/greybus/light.c has style problems, please review.
-----------------------------
drivers/staging/greybus/log.c
-----------------------------
Traceback (most recent call last):
  File "/home/skibiditymus27/Desktop/linux/scripts/spdxcheck.py", line 11, in <module>
    import git
ModuleNotFoundError: No module named 'git'
total: 0 errors, 0 warnings, 0 checks, 133 lines checked

drivers/staging/greybus/log.c has no obvious style problems and is ready for submission.
----------------------------------
drivers/staging/greybus/loopback.c
----------------------------------
Traceback (most recent call last):
  File "/home/skibiditymus27/Desktop/linux/scripts/spdxcheck.py", line 11, in <module>
    import git
ModuleNotFoundError: No module named 'git'
CHECK: Macro argument reuse 'field' - possible side-effects?
#122: FILE: drivers/staging/greybus/loopback.c:122:
+#define gb_loopback_ro_attr(field)                                            \
+	static ssize_t field##_show(struct device *dev,                       \
+				    struct device_attribute *attr, char *buf) \
+	{                                                                     \
+		struct gb_loopback *gb = dev_get_drvdata(dev);                \
+		return sprintf(buf, "%u\n", gb->field);                       \
+	}                                                                     \
+	static DEVICE_ATTR_RO(field)

CHECK: Macro argument 'field' may be better as '(field)' to avoid precedence issues
#122: FILE: drivers/staging/greybus/loopback.c:122:
+#define gb_loopback_ro_attr(field)                                            \
+	static ssize_t field##_show(struct device *dev,                       \
+				    struct device_attribute *attr, char *buf) \
+	{                                                                     \
+		struct gb_loopback *gb = dev_get_drvdata(dev);                \
+		return sprintf(buf, "%u\n", gb->field);                       \
+	}                                                                     \
+	static DEVICE_ATTR_RO(field)

CHECK: Macro argument 'name' may be better as '(name)' to avoid precedence issues
#131: FILE: drivers/staging/greybus/loopback.c:131:
+#define gb_loopback_ro_stats_attr(name, field, type)                          \
+	static ssize_t name##_##field##_show(                                 \
+		struct device *dev, struct device_attribute *attr, char *buf) \
+	{                                                                     \
+		struct gb_loopback *gb = dev_get_drvdata(dev);                \
+		/* Report 0 for min and max if no transfer succeeded */       \
+		if (!gb->requests_completed)                                  \
+			return sprintf(buf, "0\n");                           \
+		return sprintf(buf, "%" #type "\n", gb->name.field);          \
+	}                                                                     \
+	static DEVICE_ATTR_RO(name##_##field)

CHECK: Macro argument 'name' may be better as '(name)' to avoid precedence issues
#143: FILE: drivers/staging/greybus/loopback.c:143:
+#define gb_loopback_ro_avg_attr(name)                                         \
+	static ssize_t name##_avg_show(                                       \
+		struct device *dev, struct device_attribute *attr, char *buf) \
+	{                                                                     \
+		struct gb_loopback_stats *stats;                              \
+		struct gb_loopback *gb;                                       \
+		u64 avg, rem;                                                 \
+		u32 count;                                                    \
+		gb = dev_get_drvdata(dev);                                    \
+		stats = &gb->name;                                            \
+		count = stats->count ? stats->count : 1;                      \
+		avg = stats->sum + count / 2000000; /* round closest */       \
+		rem = do_div(avg, count);                                     \
+		rem *= 1000000;                                               \
+		do_div(rem, count);                                           \
+		return sprintf(buf, "%llu.%06u\n", avg, (u32)rem);            \
+	}                                                                     \
+	static DEVICE_ATTR_RO(name##_avg)

WARNING: Non-declarative macros with multiple statements should be enclosed in a do - while loop
#162: FILE: drivers/staging/greybus/loopback.c:162:
+#define gb_loopback_stats_attrs(field)            \
+	gb_loopback_ro_stats_attr(field, min, u); \
+	gb_loopback_ro_stats_attr(field, max, u); \
+	gb_loopback_ro_avg_attr(field)

BUT SEE:

   do {} while (0) advice is over-stated in a few situations:

   The more obvious case is macros, like MODULE_PARM_DESC, invoked at
   file-scope, where C disallows code (it must be in functions).  See
   $exceptions if you have one to add by name.

   More troublesome is declarative macros used at top of new scope,
   like DECLARE_PER_CPU.  These might just compile with a do-while-0
   wrapper, but would be incorrect.  Most of these are handled by
   detecting struct,union,etc declaration primitives in $exceptions.

   Theres also macros called inside an if (block), which "return" an
   expression.  These cannot do-while, and need a ({}) wrapper.

   Enjoy this qualification while we work to improve our heuristics.

CHECK: Macro argument reuse 'field' - possible side-effects?
#162: FILE: drivers/staging/greybus/loopback.c:162:
+#define gb_loopback_stats_attrs(field)            \
+	gb_loopback_ro_stats_attr(field, min, u); \
+	gb_loopback_ro_stats_attr(field, max, u); \
+	gb_loopback_ro_avg_attr(field)

CHECK: Macro argument reuse 'field' - possible side-effects?
#167: FILE: drivers/staging/greybus/loopback.c:167:
+#define gb_loopback_attr(field, type)                                         \
+	static ssize_t field##_show(struct device *dev,                       \
+				    struct device_attribute *attr, char *buf) \
+	{                                                                     \
+		struct gb_loopback *gb = dev_get_drvdata(dev);                \
+		return sprintf(buf, "%" #type "\n", gb->field);               \
+	}                                                                     \
+	static ssize_t field##_store(struct device *dev,                      \
+				     struct device_attribute *attr,           \
+				     const char *buf, size_t len)             \
+	{                                                                     \
+		int ret;                                                      \
+		struct gb_loopback *gb = dev_get_drvdata(dev);                \
+		mutex_lock(&gb->mutex);                                       \
+		ret = sscanf(buf, "%" #type, &gb->field);                     \
+		if (ret != 1)                                                 \
+			len = -EINVAL;                                        \
+		else                                                          \
+			gb_loopback_check_attr(gb, bundle);                   \
+		mutex_unlock(&gb->mutex);                                     \
+		return len;                                                   \
+	}                                                                     \
+	static DEVICE_ATTR_RW(field)

CHECK: Macro argument 'field' may be better as '(field)' to avoid precedence issues
#167: FILE: drivers/staging/greybus/loopback.c:167:
+#define gb_loopback_attr(field, type)                                         \
+	static ssize_t field##_show(struct device *dev,                       \
+				    struct device_attribute *attr, char *buf) \
+	{                                                                     \
+		struct gb_loopback *gb = dev_get_drvdata(dev);                \
+		return sprintf(buf, "%" #type "\n", gb->field);               \
+	}                                                                     \
+	static ssize_t field##_store(struct device *dev,                      \
+				     struct device_attribute *attr,           \
+				     const char *buf, size_t len)             \
+	{                                                                     \
+		int ret;                                                      \
+		struct gb_loopback *gb = dev_get_drvdata(dev);                \
+		mutex_lock(&gb->mutex);                                       \
+		ret = sscanf(buf, "%" #type, &gb->field);                     \
+		if (ret != 1)                                                 \
+			len = -EINVAL;                                        \
+		else                                                          \
+			gb_loopback_check_attr(gb, bundle);                   \
+		mutex_unlock(&gb->mutex);                                     \
+		return len;                                                   \
+	}                                                                     \
+	static DEVICE_ATTR_RW(field)

CHECK: Macro argument reuse 'field' - possible side-effects?
#191: FILE: drivers/staging/greybus/loopback.c:191:
+#define gb_dev_loopback_ro_attr(field, conn)                                  \
+	static ssize_t field##_show(struct device *dev,                       \
+				    struct device_attribute *attr, char *buf) \
+	{                                                                     \
+		struct gb_loopback *gb = dev_get_drvdata(dev);                \
+		return sprintf(buf, "%u\n", gb->field);                       \
+	}                                                                     \
+	static DEVICE_ATTR_RO(field)

CHECK: Macro argument 'field' may be better as '(field)' to avoid precedence issues
#191: FILE: drivers/staging/greybus/loopback.c:191:
+#define gb_dev_loopback_ro_attr(field, conn)                                  \
+	static ssize_t field##_show(struct device *dev,                       \
+				    struct device_attribute *attr, char *buf) \
+	{                                                                     \
+		struct gb_loopback *gb = dev_get_drvdata(dev);                \
+		return sprintf(buf, "%u\n", gb->field);                       \
+	}                                                                     \
+	static DEVICE_ATTR_RO(field)

WARNING: Argument 'conn' is not used in function-like macro
#191: FILE: drivers/staging/greybus/loopback.c:191:
+#define gb_dev_loopback_ro_attr(field, conn)                                  \
+	static ssize_t field##_show(struct device *dev,                       \
+				    struct device_attribute *attr, char *buf) \
+	{                                                                     \
+		struct gb_loopback *gb = dev_get_drvdata(dev);                \
+		return sprintf(buf, "%u\n", gb->field);                       \
+	}                                                                     \
+	static DEVICE_ATTR_RO(field)

CHECK: Macro argument reuse 'field' - possible side-effects?
#200: FILE: drivers/staging/greybus/loopback.c:200:
+#define gb_dev_loopback_rw_attr(field, type)                                  \
+	static ssize_t field##_show(struct device *dev,                       \
+				    struct device_attribute *attr, char *buf) \
+	{                                                                     \
+		struct gb_loopback *gb = dev_get_drvdata(dev);                \
+		return sprintf(buf, "%" #type "\n", gb->field);               \
+	}                                                                     \
+	static ssize_t field##_store(struct device *dev,                      \
+				     struct device_attribute *attr,           \
+				     const char *buf, size_t len)             \
+	{                                                                     \
+		int ret;                                                      \
+		struct gb_loopback *gb = dev_get_drvdata(dev);                \
+		mutex_lock(&gb->mutex);                                       \
+		ret = sscanf(buf, "%" #type, &gb->field);                     \
+		if (ret != 1)                                                 \
+			len = -EINVAL;                                        \
+		else                                                          \
+			gb_loopback_check_attr(gb);                           \
+		mutex_unlock(&gb->mutex);                                     \
+		return len;                                                   \
+	}                                                                     \
+	static DEVICE_ATTR_RW(field)

CHECK: Macro argument 'field' may be better as '(field)' to avoid precedence issues
#200: FILE: drivers/staging/greybus/loopback.c:200:
+#define gb_dev_loopback_rw_attr(field, type)                                  \
+	static ssize_t field##_show(struct device *dev,                       \
+				    struct device_attribute *attr, char *buf) \
+	{                                                                     \
+		struct gb_loopback *gb = dev_get_drvdata(dev);                \
+		return sprintf(buf, "%" #type "\n", gb->field);               \
+	}                                                                     \
+	static ssize_t field##_store(struct device *dev,                      \
+				     struct device_attribute *attr,           \
+				     const char *buf, size_t len)             \
+	{                                                                     \
+		int ret;                                                      \
+		struct gb_loopback *gb = dev_get_drvdata(dev);                \
+		mutex_lock(&gb->mutex);                                       \
+		ret = sscanf(buf, "%" #type, &gb->field);                     \
+		if (ret != 1)                                                 \
+			len = -EINVAL;                                        \
+		else                                                          \
+			gb_loopback_check_attr(gb);                           \
+		mutex_unlock(&gb->mutex);                                     \
+		return len;                                                   \
+	}                                                                     \
+	static DEVICE_ATTR_RW(field)

CHECK: Lines should not end with a '('
#579: FILE: drivers/staging/greybus/loopback.c:579:
+static int gb_loopback_async_transfer_complete(

CHECK: Lines should not end with a '('
#622: FILE: drivers/staging/greybus/loopback.c:622:
+	retval = gb_loopback_async_operation(

CHECK: Lines should not end with a '('
#667: FILE: drivers/staging/greybus/loopback.c:667:
+		if (!gb_operation_response_alloc(

CHECK: Lines should not end with a '('
#836: FILE: drivers/staging/greybus/loopback.c:836:
+			wait_event_interruptible(

total: 0 errors, 2 warnings, 15 checks, 1163 lines checked

NOTE: For some of the reported defects, checkpatch may be able to
      mechanically convert to the typical style using --fix or --fix-inplace.

drivers/staging/greybus/loopback.c has style problems, please review.
--------------------------------------
drivers/staging/greybus/power_supply.c
--------------------------------------
Traceback (most recent call last):
  File "/home/skibiditymus27/Desktop/linux/scripts/spdxcheck.py", line 11, in <module>
    import git
ModuleNotFoundError: No module named 'git'
CHECK: Lines should not end with a '('
#545: FILE: drivers/staging/greybus/power_supply.c:545:
+			dev_warn(

total: 0 errors, 0 warnings, 1 checks, 1141 lines checked

NOTE: For some of the reported defects, checkpatch may be able to
      mechanically convert to the typical style using --fix or --fix-inplace.

drivers/staging/greybus/power_supply.c has style problems, please review.
-----------------------------
drivers/staging/greybus/pwm.c
-----------------------------
Traceback (most recent call last):
  File "/home/skibiditymus27/Desktop/linux/scripts/spdxcheck.py", line 11, in <module>
    import git
ModuleNotFoundError: No module named 'git'
total: 0 errors, 0 warnings, 0 checks, 331 lines checked

drivers/staging/greybus/pwm.c has no obvious style problems and is ready for submission.
-----------------------------
drivers/staging/greybus/raw.c
-----------------------------
Traceback (most recent call last):
  File "/home/skibiditymus27/Desktop/linux/scripts/spdxcheck.py", line 11, in <module>
    import git
ModuleNotFoundError: No module named 'git'
total: 0 errors, 0 warnings, 0 checks, 381 lines checked

drivers/staging/greybus/raw.c has no obvious style problems and is ready for submission.
------------------------------
drivers/staging/greybus/sdio.c
------------------------------
Traceback (most recent call last):
  File "/home/skibiditymus27/Desktop/linux/scripts/spdxcheck.py", line 11, in <module>
    import git
ModuleNotFoundError: No module named 'git'
total: 0 errors, 0 warnings, 0 checks, 884 lines checked

drivers/staging/greybus/sdio.c has no obvious style problems and is ready for submission.
-----------------------------
drivers/staging/greybus/spi.c
-----------------------------
Traceback (most recent call last):
  File "/home/skibiditymus27/Desktop/linux/scripts/spdxcheck.py", line 11, in <module>
    import git
ModuleNotFoundError: No module named 'git'
total: 0 errors, 0 warnings, 0 checks, 79 lines checked

drivers/staging/greybus/spi.c has no obvious style problems and is ready for submission.
--------------------------------
drivers/staging/greybus/spilib.c
--------------------------------
Traceback (most recent call last):
  File "/home/skibiditymus27/Desktop/linux/scripts/spdxcheck.py", line 11, in <module>
    import git
ModuleNotFoundError: No module named 'git'
CHECK: Lines should not end with a '('
#337: FILE: drivers/staging/greybus/spilib.c:337:
+	spi->first_xfer = list_first_entry_or_null(

total: 0 errors, 0 warnings, 1 checks, 571 lines checked

NOTE: For some of the reported defects, checkpatch may be able to
      mechanically convert to the typical style using --fix or --fix-inplace.

drivers/staging/greybus/spilib.c has style problems, please review.
------------------------------
drivers/staging/greybus/uart.c
------------------------------
Traceback (most recent call last):
  File "/home/skibiditymus27/Desktop/linux/scripts/spdxcheck.py", line 11, in <module>
    import git
ModuleNotFoundError: No module named 'git'
WARNING: Deprecated use of 'DEFINE_IDR', prefer 'DEFINE_XARRAY' instead
#70: FILE: drivers/staging/greybus/uart.c:70:
+static DEFINE_IDR(tty_minors);

CHECK: Lines should not end with a '('
#317: FILE: drivers/staging/greybus/uart.c:317:
+	ret = wait_for_completion_timeout(

CHECK: Lines should not end with a '('
#809: FILE: drivers/staging/greybus/uart.c:809:
+	connection = gb_connection_create(

CHECK: Lines should not end with a '('
#945: FILE: drivers/staging/greybus/uart.c:945:
+	gb_tty_driver = tty_alloc_driver(

total: 0 errors, 1 warnings, 3 checks, 1024 lines checked

NOTE: For some of the reported defects, checkpatch may be able to
      mechanically convert to the typical style using --fix or --fix-inplace.

drivers/staging/greybus/uart.c has style problems, please review.
-----------------------------
drivers/staging/greybus/usb.c
-----------------------------
Traceback (most recent call last):
  File "/home/skibiditymus27/Desktop/linux/scripts/spdxcheck.py", line 11, in <module>
    import git
ModuleNotFoundError: No module named 'git'
total: 0 errors, 0 warnings, 0 checks, 246 lines checked

drivers/staging/greybus/usb.c has no obvious style problems and is ready for submission.
----------------------------------
drivers/staging/greybus/vibrator.c
----------------------------------
Traceback (most recent call last):
  File "/home/skibiditymus27/Desktop/linux/scripts/spdxcheck.py", line 11, in <module>
    import git
ModuleNotFoundError: No module named 'git'
total: 0 errors, 0 warnings, 0 checks, 249 lines checked

drivers/staging/greybus/vibrator.c has no obvious style problems and is ready for submission.

NOTE: If any of the errors are false positives, please report
      them to the maintainer, see CHECKPATCH in MAINTAINERS.
