Traceback (most recent call last):
  File "/home/skibiditymus27/Desktop/linux/scripts/spdxcheck.py", line 11, in <module>
    import git
ModuleNotFoundError: No module named 'git'
Traceback (most recent call last):
  File "/home/skibiditymus27/Desktop/linux/scripts/spdxcheck.py", line 11, in <module>
    import git
ModuleNotFoundError: No module named 'git'
Traceback (most recent call last):
  File "/home/skibiditymus27/Desktop/linux/scripts/spdxcheck.py", line 11, in <module>
    import git
ModuleNotFoundError: No module named 'git'
drivers/staging/greybus/audio_codec.h:73: CHECK: struct mutex definition without comment
drivers/staging/greybus/audio_codec.h:74: CHECK: struct mutex definition without comment
total: 0 errors, 0 warnings, 2 checks, 243 lines checked
Traceback (most recent call last):
  File "/home/skibiditymus27/Desktop/linux/scripts/spdxcheck.py", line 11, in <module>
    import git
ModuleNotFoundError: No module named 'git'
Traceback (most recent call last):
  File "/home/skibiditymus27/Desktop/linux/scripts/spdxcheck.py", line 11, in <module>
    import git
ModuleNotFoundError: No module named 'git'
Traceback (most recent call last):
  File "/home/skibiditymus27/Desktop/linux/scripts/spdxcheck.py", line 11, in <module>
    import git
ModuleNotFoundError: No module named 'git'
Traceback (most recent call last):
  File "/home/skibiditymus27/Desktop/linux/scripts/spdxcheck.py", line 11, in <module>
    import git
ModuleNotFoundError: No module named 'git'
Traceback (most recent call last):
  File "/home/skibiditymus27/Desktop/linux/scripts/spdxcheck.py", line 11, in <module>
    import git
ModuleNotFoundError: No module named 'git'
drivers/staging/greybus/gb-camera.h:13: CHECK: Prefer using the BIT macro
drivers/staging/greybus/gb-camera.h:15: CHECK: Prefer using the BIT macro
drivers/staging/greybus/gb-camera.h:92: CHECK: Alignment should match open parenthesis
drivers/staging/greybus/gb-camera.h:119: CHECK: Macro argument reuse 'f' - possible side-effects?
drivers/staging/greybus/gb-camera.h:119: CHECK: Macro argument reuse 'op' - possible side-effects?
drivers/staging/greybus/gb-camera.h:119: CHECK: Macro argument 'op' may be better as '(op)' to avoid precedence issues
total: 0 errors, 0 warnings, 6 checks, 126 lines checked
Traceback (most recent call last):
  File "/home/skibiditymus27/Desktop/linux/scripts/spdxcheck.py", line 11, in <module>
    import git
ModuleNotFoundError: No module named 'git'
drivers/staging/greybus/gbphy.h:18: CHECK: Please use a blank line after function/struct/union/enum declarations
drivers/staging/greybus/gbphy.h:46: CHECK: Please use a blank line after function/struct/union/enum declarations
total: 0 errors, 0 warnings, 2 checks, 109 lines checked
Traceback (most recent call last):
  File "/home/skibiditymus27/Desktop/linux/scripts/spdxcheck.py", line 11, in <module>
    import git
ModuleNotFoundError: No module named 'git'
Traceback (most recent call last):
  File "/home/skibiditymus27/Desktop/linux/scripts/spdxcheck.py", line 11, in <module>
    import git
ModuleNotFoundError: No module named 'git'
drivers/staging/greybus/greybus_firmware.h:67: CHECK: line length of 112 exceeds 100 columns
drivers/staging/greybus/greybus_firmware.h:68: CHECK: line length of 116 exceeds 100 columns
drivers/staging/greybus/greybus_firmware.h:69: CHECK: line length of 119 exceeds 100 columns
drivers/staging/greybus/greybus_firmware.h:70: CHECK: line length of 114 exceeds 100 columns
total: 0 errors, 0 warnings, 4 checks, 75 lines checked
Traceback (most recent call last):
  File "/home/skibiditymus27/Desktop/linux/scripts/spdxcheck.py", line 11, in <module>
    import git
ModuleNotFoundError: No module named 'git'
