Traceback (most recent call last):
  File "/home/skibiditymus27/Desktop/linux/scripts/spdxcheck.py", line 11, in <module>
    import git
ModuleNotFoundError: No module named 'git'
Traceback (most recent call last):
  File "/home/skibiditymus27/Desktop/linux/scripts/spdxcheck.py", line 11, in <module>
    import git
ModuleNotFoundError: No module named 'git'
drivers/staging/greybus/spilib.c:337: CHECK: Lines should not end with a '('
total: 0 errors, 0 warnings, 1 checks, 571 lines checked
Traceback (most recent call last):
  File "/home/skibiditymus27/Desktop/linux/scripts/spdxcheck.py", line 11, in <module>
    import git
ModuleNotFoundError: No module named 'git'
drivers/staging/greybus/uart.c:53: CHECK: spinlock_t definition without comment
drivers/staging/greybus/uart.c:54: CHECK: spinlock_t definition without comment
drivers/staging/greybus/uart.c:58: CHECK: struct mutex definition without comment
drivers/staging/greybus/uart.c:70: WARNING: Deprecated use of 'DEFINE_IDR', prefer 'DEFINE_XARRAY' instead
drivers/staging/greybus/uart.c:317: CHECK: Lines should not end with a '('
drivers/staging/greybus/uart.c:809: CHECK: Lines should not end with a '('
drivers/staging/greybus/uart.c:945: CHECK: Lines should not end with a '('
total: 0 errors, 1 warnings, 6 checks, 1024 lines checked
Traceback (most recent call last):
  File "/home/skibiditymus27/Desktop/linux/scripts/spdxcheck.py", line 11, in <module>
    import git
ModuleNotFoundError: No module named 'git'
drivers/staging/greybus/raw.c:23: CHECK: struct mutex definition without comment
total: 0 errors, 0 warnings, 1 checks, 381 lines checked
Traceback (most recent call last):
  File "/home/skibiditymus27/Desktop/linux/scripts/spdxcheck.py", line 11, in <module>
    import git
ModuleNotFoundError: No module named 'git'
drivers/staging/greybus/power_supply.c:46: CHECK: struct mutex definition without comment
drivers/staging/greybus/power_supply.c:53: CHECK: struct mutex definition without comment
drivers/staging/greybus/power_supply.c:545: CHECK: Lines should not end with a '('
total: 0 errors, 0 warnings, 3 checks, 1141 lines checked
Traceback (most recent call last):
  File "/home/skibiditymus27/Desktop/linux/scripts/spdxcheck.py", line 11, in <module>
    import git
ModuleNotFoundError: No module named 'git'
drivers/staging/greybus/light.c:40: CHECK: struct mutex definition without comment
drivers/staging/greybus/light.c:62: CHECK: struct mutex definition without comment
drivers/staging/greybus/light.c:175: ERROR: code indent should use tabs where possible
drivers/staging/greybus/light.c:175: WARNING: please, no spaces at the start of a line
drivers/staging/greybus/light.c:178: ERROR: code indent should use tabs where possible
drivers/staging/greybus/light.c:178: WARNING: please, no spaces at the start of a line
drivers/staging/greybus/light.c:187: ERROR: code indent should use tabs where possible
drivers/staging/greybus/light.c:187: WARNING: please, no spaces at the start of a line
drivers/staging/greybus/light.c:193: ERROR: code indent should use tabs where possible
drivers/staging/greybus/light.c:193: WARNING: please, no spaces at the start of a line
drivers/staging/greybus/light.c:202: ERROR: code indent should use tabs where possible
drivers/staging/greybus/light.c:202: WARNING: please, no spaces at the start of a line
drivers/staging/greybus/light.c:206: ERROR: code indent should use tabs where possible
drivers/staging/greybus/light.c:206: WARNING: please, no spaces at the start of a line
total: 6 errors, 6 warnings, 2 checks, 1344 lines checked
