Traceback (most recent call last):
  File "/home/skibiditymus27/Desktop/linux/scripts/spdxcheck.py", line 11, in <module>
    import git
ModuleNotFoundError: No module named 'git'
drivers/staging/greybus/arche-apb-ctrl.c:466: WARNING: DT compatible string "usbffff,2" appears un-documented -- check ./Documentation/devicetree/bindings/
drivers/staging/greybus/arche-apb-ctrl.c:466: WARNING: DT compatible string vendor "usbffff" appears un-documented -- check ./Documentation/devicetree/bindings/vendor-prefixes.yaml
total: 0 errors, 2 warnings, 0 checks, 490 lines checked
Traceback (most recent call last):
  File "/home/skibiditymus27/Desktop/linux/scripts/spdxcheck.py", line 11, in <module>
    import git
ModuleNotFoundError: No module named 'git'
drivers/staging/greybus/arche-platform.c:183: CHECK: line length of 101 exceeds 100 columns
drivers/staging/greybus/arche-platform.c:619: WARNING: DT compatible string "google,arche-platform" appears un-documented -- check ./Documentation/devicetree/bindings/
total: 0 errors, 1 warnings, 1 checks, 660 lines checked
Traceback (most recent call last):
  File "/home/skibiditymus27/Desktop/linux/scripts/spdxcheck.py", line 11, in <module>
    import git
ModuleNotFoundError: No module named 'git'
Traceback (most recent call last):
  File "/home/skibiditymus27/Desktop/linux/scripts/spdxcheck.py", line 11, in <module>
    import git
ModuleNotFoundError: No module named 'git'
Traceback (most recent call last):
  File "/home/skibiditymus27/Desktop/linux/scripts/spdxcheck.py", line 11, in <module>
    import git
ModuleNotFoundError: No module named 'git'
Traceback (most recent call last):
  File "/home/skibiditymus27/Desktop/linux/scripts/spdxcheck.py", line 11, in <module>
    import git
ModuleNotFoundError: No module named 'git'
drivers/staging/greybus/audio_codec.c:1081: WARNING: DT compatible string "toshiba,apb-dummy-codec" appears un-documented -- check ./Documentation/devicetree/bindings/
total: 0 errors, 1 warnings, 0 checks, 1100 lines checked
Traceback (most recent call last):
  File "/home/skibiditymus27/Desktop/linux/scripts/spdxcheck.py", line 11, in <module>
    import git
ModuleNotFoundError: No module named 'git'
drivers/staging/greybus/audio_codec.h:73: CHECK: struct mutex definition without comment
drivers/staging/greybus/audio_codec.h:74: CHECK: struct mutex definition without comment
total: 0 errors, 0 warnings, 2 checks, 243 lines checked
Traceback (most recent call last):
  File "/home/skibiditymus27/Desktop/linux/scripts/spdxcheck.py", line 11, in <module>
    import git
ModuleNotFoundError: No module named 'git'
Traceback (most recent call last):
  File "/home/skibiditymus27/Desktop/linux/scripts/spdxcheck.py", line 11, in <module>
    import git
ModuleNotFoundError: No module named 'git'
drivers/staging/greybus/audio_helper.c:11: CHECK: Macro argument reuse 'dir' - possible side-effects?
total: 0 errors, 0 warnings, 1 checks, 180 lines checked
Traceback (most recent call last):
  File "/home/skibiditymus27/Desktop/linux/scripts/spdxcheck.py", line 11, in <module>
    import git
ModuleNotFoundError: No module named 'git'
Traceback (most recent call last):
  File "/home/skibiditymus27/Desktop/linux/scripts/spdxcheck.py", line 11, in <module>
    import git
ModuleNotFoundError: No module named 'git'
Traceback (most recent call last):
  File "/home/skibiditymus27/Desktop/linux/scripts/spdxcheck.py", line 11, in <module>
    import git
ModuleNotFoundError: No module named 'git'
Traceback (most recent call last):
  File "/home/skibiditymus27/Desktop/linux/scripts/spdxcheck.py", line 11, in <module>
    import git
ModuleNotFoundError: No module named 'git'
drivers/staging/greybus/audio_manager_module.c:162: WARNING: char * array declaration might be better as static const
total: 0 errors, 1 warnings, 0 checks, 241 lines checked
Traceback (most recent call last):
  File "/home/skibiditymus27/Desktop/linux/scripts/spdxcheck.py", line 11, in <module>
    import git
ModuleNotFoundError: No module named 'git'
Traceback (most recent call last):
  File "/home/skibiditymus27/Desktop/linux/scripts/spdxcheck.py", line 11, in <module>
    import git
ModuleNotFoundError: No module named 'git'
Traceback (most recent call last):
  File "/home/skibiditymus27/Desktop/linux/scripts/spdxcheck.py", line 11, in <module>
    import git
ModuleNotFoundError: No module named 'git'
Traceback (most recent call last):
  File "/home/skibiditymus27/Desktop/linux/scripts/spdxcheck.py", line 11, in <module>
    import git
ModuleNotFoundError: No module named 'git'
Traceback (most recent call last):
  File "/home/skibiditymus27/Desktop/linux/scripts/spdxcheck.py", line 11, in <module>
    import git
ModuleNotFoundError: No module named 'git'
drivers/staging/greybus/authentication.c:33: CHECK: struct mutex definition without comment
drivers/staging/greybus/authentication.c:115: CHECK: Lines should not end with a '('
drivers/staging/greybus/authentication.c:244: CHECK: Lines should not end with a '('
total: 0 errors, 0 warnings, 3 checks, 424 lines checked
Traceback (most recent call last):
  File "/home/skibiditymus27/Desktop/linux/scripts/spdxcheck.py", line 11, in <module>
    import git
ModuleNotFoundError: No module named 'git'
Traceback (most recent call last):
  File "/home/skibiditymus27/Desktop/linux/scripts/spdxcheck.py", line 11, in <module>
    import git
ModuleNotFoundError: No module named 'git'
drivers/staging/greybus/camera.c:56: CHECK: struct mutex definition without comment
drivers/staging/greybus/camera.c:268: CHECK: Lines should not end with a '('
drivers/staging/greybus/camera.c:311: CHECK: Lines should not end with a '('
drivers/staging/greybus/camera.c:318: CHECK: Lines should not end with a '('
drivers/staging/greybus/camera.c:373: CHECK: Lines should not end with a '('
drivers/staging/greybus/camera.c:1160: CHECK: Lines should not end with a '('
drivers/staging/greybus/camera.c:1357: CHECK: Lines should not end with a '('
total: 0 errors, 0 warnings, 7 checks, 1371 lines checked
diff: drivers/staging/greybus/Documentation/null: No such file or directory
